

*******************************************************************************
Thu Oct  7 21:10:16 2021


FIT:    data read from "<(sed -n '/^-1\.0/,/^1\.0/p' StressPerm.txt)" using ($2*10**9):($3*eps_free)
        format = x:z
        #datapoints = 5
        residuals are weighted equally (unit weight)

function used for fitting: f(x)
	f(x)= eps0x*eps_free + 2*x*M13
fitted parameters initialized with current variable values

iter      chisq       delta/lim  lambda   M13          
   0 9.9999840000e+18   0.00e+00  1.41e+09    1.000000e+00
   7 2.1718045754e-24  -2.88e-10  1.41e+02    2.768884e-21

After 7 iterations the fit converged.
final sum of squares of residuals : 2.1718e-24
rel. change during last iteration : -2.8754e-15

degrees of freedom    (FIT_NDF)                        : 4
rms of residuals      (FIT_STDFIT) = sqrt(WSSR/ndf)    : 7.36852e-13
variance of residuals (reduced chisquare) = WSSR/ndf   : 5.42951e-25

Final set of parameters            Asymptotic Standard Error
=======================            ==========================
M13             = 2.76888e-21      +/- 2.33e-22     (8.415%)


*******************************************************************************
Thu Oct  7 21:10:16 2021


FIT:    data read from "<(sed -n '/^-1\.0/,/^1\.0/p' StressPerm.txt)" using ($2*10**9):($7*eps_free)
        format = x:z
        #datapoints = 5
        residuals are weighted equally (unit weight)

function used for fitting: f(x)
	f(x)= eps0y*eps_free + 2*x*M23
fitted parameters initialized with current variable values

iter      chisq       delta/lim  lambda   M23          
   0 9.9999840000e+18   0.00e+00  1.41e+09    1.000000e+00
   6 1.4139217065e-23  -5.01e-01  1.41e+03    5.988181e-21

After 6 iterations the fit converged.
final sum of squares of residuals : 1.41392e-23
rel. change during last iteration : -5.00889e-06

degrees of freedom    (FIT_NDF)                        : 4
rms of residuals      (FIT_STDFIT) = sqrt(WSSR/ndf)    : 1.88011e-12
variance of residuals (reduced chisquare) = WSSR/ndf   : 3.5348e-24

Final set of parameters            Asymptotic Standard Error
=======================            ==========================
M23             = 5.98818e-21      +/- 5.945e-22    (9.929%)


*******************************************************************************
Thu Oct  7 21:10:16 2021


FIT:    data read from "<(sed -n '/^-1\.0/,/^1\.0/p' StressPerm.txt)" using ($2*10**9):($11*eps_free)
        format = x:z
        #datapoints = 5
        residuals are weighted equally (unit weight)

function used for fitting: f(x)
	f(x)= eps0z*eps_free + 2*x*M33
fitted parameters initialized with current variable values

iter      chisq       delta/lim  lambda   M33          
   0 9.9999840000e+18   0.00e+00  1.41e+09    1.000000e+00
   7 3.4176581437e-24   0.00e+00  1.41e+02    4.285076e-21

After 7 iterations the fit converged.
final sum of squares of residuals : 3.41766e-24
rel. change during last iteration : 0

degrees of freedom    (FIT_NDF)                        : 4
rms of residuals      (FIT_STDFIT) = sqrt(WSSR/ndf)    : 9.24345e-13
variance of residuals (reduced chisquare) = WSSR/ndf   : 8.54415e-25

Final set of parameters            Asymptotic Standard Error
=======================            ==========================
M33             = 4.28508e-21      +/- 2.923e-22    (6.821%)


*******************************************************************************
Thu Oct  7 21:10:16 2021


FIT:    data read from "<(sed -n '/^-1\.0/,/^1\.0/p' StressPerm.txt)" using ($2*10**9):($8*eps_free)
        format = x:z
        #datapoints = 5
        residuals are weighted equally (unit weight)

function used for fitting: f(x)
	f(x)= eps0yz*eps_free + 2*x*M43
fitted parameters initialized with current variable values

iter      chisq       delta/lim  lambda   M43          
   0 9.9999840000e+18   0.00e+00  1.41e+09    1.000000e+00
   7 6.8065553345e-24  -6.26e-10  1.41e+02    4.692723e-21

After 7 iterations the fit converged.
final sum of squares of residuals : 6.80656e-24
rel. change during last iteration : -6.26039e-15

degrees of freedom    (FIT_NDF)                        : 4
rms of residuals      (FIT_STDFIT) = sqrt(WSSR/ndf)    : 1.30447e-12
variance of residuals (reduced chisquare) = WSSR/ndf   : 1.70164e-24

Final set of parameters            Asymptotic Standard Error
=======================            ==========================
M43             = 4.69272e-21      +/- 4.125e-22    (8.79%)


*******************************************************************************
Thu Oct  7 21:10:16 2021


FIT:    data read from "<(sed -n '/^-1\.0/,/^1\.0/p' StressPerm.txt)" using ($2*10**9):($5*eps_free)
        format = x:z
        #datapoints = 5
        residuals are weighted equally (unit weight)

function used for fitting: f(x)
	f(x)= eps0xz*eps_free + 2*x*M53
fitted parameters initialized with current variable values

iter      chisq       delta/lim  lambda   M53          
   0 9.9999840000e+18   0.00e+00  1.41e+09    1.000000e+00
   7 1.7530516927e-25   0.00e+00  1.41e+02   -1.770840e-23

After 7 iterations the fit converged.
final sum of squares of residuals : 1.75305e-25
rel. change during last iteration : 0

degrees of freedom    (FIT_NDF)                        : 4
rms of residuals      (FIT_STDFIT) = sqrt(WSSR/ndf)    : 2.09347e-13
variance of residuals (reduced chisquare) = WSSR/ndf   : 4.38263e-26

Final set of parameters            Asymptotic Standard Error
=======================            ==========================
M53             = -1.77084e-23     +/- 6.62e-23     (373.8%)


*******************************************************************************
Thu Oct  7 21:10:16 2021


FIT:    data read from "<(sed -n '/^-1\.0/,/^1\.0/p' StressPerm.txt)" using ($2*10**9):($4*eps_free)
        format = x:z
        #datapoints = 5
        residuals are weighted equally (unit weight)

function used for fitting: f(x)
	f(x)= eps0xy*eps_free + 2*x*M63
fitted parameters initialized with current variable values

iter      chisq       delta/lim  lambda   M63          
   0 9.9999840000e+18   0.00e+00  1.41e+09    1.000000e+00
   7 1.6308552689e-24  -2.25e-11  1.41e+08   -3.187510e-22

After 7 iterations the fit converged.
final sum of squares of residuals : 1.63086e-24
rel. change during last iteration : -2.25245e-16

degrees of freedom    (FIT_NDF)                        : 4
rms of residuals      (FIT_STDFIT) = sqrt(WSSR/ndf)    : 6.38525e-13
variance of residuals (reduced chisquare) = WSSR/ndf   : 4.07714e-25

Final set of parameters            Asymptotic Standard Error
=======================            ==========================
M63             = -3.18751e-22     +/- 2.019e-22    (63.35%)


*******************************************************************************
Thu Oct  7 21:10:16 2021


FIT:    data read from "<(sed -n '/^-1\.0/,/^1\.0/p' StressRigid.txt)" using ($2*10**9):($3/eps_free)
        format = x:z
        #datapoints = 5
        residuals are weighted equally (unit weight)

function used for fitting: f(x)
	f(x)= eta0x/eps_free + 2*x*Q13
fitted parameters initialized with current variable values

iter      chisq       delta/lim  lambda   Q13          
   0 1.0959139922e+19   0.00e+00  1.41e+09    1.000000e+00
   4 4.8814818272e+14  -9.93e-08  1.41e+05   -4.683663e-02

After 4 iterations the fit converged.
final sum of squares of residuals : 4.88148e+14
rel. change during last iteration : -9.93423e-13

degrees of freedom    (FIT_NDF)                        : 4
rms of residuals      (FIT_STDFIT) = sqrt(WSSR/ndf)    : 1.1047e+07
variance of residuals (reduced chisquare) = WSSR/ndf   : 1.22037e+14

Final set of parameters            Asymptotic Standard Error
=======================            ==========================
Q13             = -0.0468366       +/- 0.003493     (7.459%)


*******************************************************************************
Thu Oct  7 21:10:16 2021


FIT:    data read from "<(sed -n '/^-1\.0/,/^1\.0/p' StressRigid.txt)" using ($2*10**9):($7/eps_free)
        format = x:z
        #datapoints = 5
        residuals are weighted equally (unit weight)

function used for fitting: f(x)
	f(x)= eta0y/eps_free + 2*x*Q23
fitted parameters initialized with current variable values

iter      chisq       delta/lim  lambda   Q23          
   0 1.0169233336e+19   0.00e+00  1.41e+09    1.000000e+00
   4 3.1779535077e+13  -1.42e-06  1.41e+05   -8.425398e-03

After 4 iterations the fit converged.
final sum of squares of residuals : 3.17795e+13
rel. change during last iteration : -1.41787e-11

degrees of freedom    (FIT_NDF)                        : 4
rms of residuals      (FIT_STDFIT) = sqrt(WSSR/ndf)    : 2.81867e+06
variance of residuals (reduced chisquare) = WSSR/ndf   : 7.94488e+12

Final set of parameters            Asymptotic Standard Error
=======================            ==========================
Q23             = -0.0084254       +/- 0.0008913    (10.58%)


*******************************************************************************
Thu Oct  7 21:10:16 2021


FIT:    data read from "<(sed -n '/^-1\.0/,/^1\.0/p' StressRigid.txt)" using ($2*10**9):($11/eps_free)
        format = x:z
        #datapoints = 5
        residuals are weighted equally (unit weight)

function used for fitting: f(x)
	f(x)= eta0z/eps_free + 2*x*Q33
fitted parameters initialized with current variable values

iter      chisq       delta/lim  lambda   Q33          
   0 1.2364033568e+19   0.00e+00  1.41e+09    1.000000e+00
   4 5.4301286522e+14  -1.01e-07  1.41e+05   -1.119132e-01

After 4 iterations the fit converged.
final sum of squares of residuals : 5.43013e+14
rel. change during last iteration : -1.00861e-12

degrees of freedom    (FIT_NDF)                        : 4
rms of residuals      (FIT_STDFIT) = sqrt(WSSR/ndf)    : 1.16513e+07
variance of residuals (reduced chisquare) = WSSR/ndf   : 1.35753e+14

Final set of parameters            Asymptotic Standard Error
=======================            ==========================
Q33             = -0.111913        +/- 0.003684     (3.292%)


*******************************************************************************
Thu Oct  7 21:10:16 2021


FIT:    data read from "<(sed -n '/^-1\.0/,/^1\.0/p' StressRigid.txt)" using ($2*10**9):($8/eps_free)
        format = x:z
        #datapoints = 5
        residuals are weighted equally (unit weight)

function used for fitting: f(x)
	f(x)= eta0yz/eps_free + 2*x*Q43
fitted parameters initialized with current variable values

iter      chisq       delta/lim  lambda   Q43          
   0 1.0347995703e+19   0.00e+00  1.41e+09    1.000000e+00
   4 1.1615379847e+14  -3.94e-07  1.41e+05   -1.724609e-02

After 4 iterations the fit converged.
final sum of squares of residuals : 1.16154e+14
rel. change during last iteration : -3.93673e-12

degrees of freedom    (FIT_NDF)                        : 4
rms of residuals      (FIT_STDFIT) = sqrt(WSSR/ndf)    : 5.38873e+06
variance of residuals (reduced chisquare) = WSSR/ndf   : 2.90384e+13

Final set of parameters            Asymptotic Standard Error
=======================            ==========================
Q43             = -0.0172461       +/- 0.001704     (9.881%)


*******************************************************************************
Thu Oct  7 21:10:16 2021


FIT:    data read from "<(sed -n '/^-1\.0/,/^1\.0/p' StressRigid.txt)" using ($2*10**9):($5/eps_free)
        format = x:z
        #datapoints = 5
        residuals are weighted equally (unit weight)

function used for fitting: f(x)
	f(x)= eta0xz/eps_free + 2*x*Q53
fitted parameters initialized with current variable values

iter      chisq       delta/lim  lambda   Q53          
   0 1.0031204127e+19   0.00e+00  1.41e+09    1.000000e+00
   4 2.4179621741e+13  -1.84e-06  1.41e+05   -1.558585e-03

After 4 iterations the fit converged.
final sum of squares of residuals : 2.41796e+13
rel. change during last iteration : -1.83639e-11

degrees of freedom    (FIT_NDF)                        : 4
rms of residuals      (FIT_STDFIT) = sqrt(WSSR/ndf)    : 2.45864e+06
variance of residuals (reduced chisquare) = WSSR/ndf   : 6.04491e+12

Final set of parameters            Asymptotic Standard Error
=======================            ==========================
Q53             = -0.00155859      +/- 0.0007775    (49.88%)


*******************************************************************************
Thu Oct  7 21:10:16 2021


FIT:    data read from "<(sed -n '/^-1\.0/,/^1\.0/p' StressRigid.txt)" using ($2*10**9):($4/eps_free)
        format = x:z
        #datapoints = 5
        residuals are weighted equally (unit weight)

function used for fitting: f(x)
	f(x)= eta0xy/eps_free + 2*x*Q63
fitted parameters initialized with current variable values

iter      chisq       delta/lim  lambda   Q63          
   0 9.9373684641e+18   0.00e+00  1.41e+09    1.000000e+00
   4 8.0967783249e+13  -5.43e-07  1.41e+05    3.139759e-03

After 4 iterations the fit converged.
final sum of squares of residuals : 8.09678e+13
rel. change during last iteration : -5.4333e-12

degrees of freedom    (FIT_NDF)                        : 4
rms of residuals      (FIT_STDFIT) = sqrt(WSSR/ndf)    : 4.49911e+06
variance of residuals (reduced chisquare) = WSSR/ndf   : 2.02419e+13

Final set of parameters            Asymptotic Standard Error
=======================            ==========================
Q63             = 0.00313976       +/- 0.001423     (45.31%)
