

*******************************************************************************
Fri Apr 15 13:43:26 2022


FIT:    data read from "<(sed -n '/^-1\.0/,/^1\.0/p' StressPerm.txt)" using ($2*10**9):($3*eps_free)
        format = x:z
        #datapoints = 5
        residuals are weighted equally (unit weight)

function used for fitting: f(x)
	f(x)= eps0x*eps_free + 2*x*M12
fitted parameters initialized with current variable values

iter      chisq       delta/lim  lambda   M12          
   0 9.9999760000e+18   0.00e+00  1.41e+09    1.000000e+00
   6 3.7722157198e-23  -1.88e-01  1.41e+03    3.139963e-21

After 6 iterations the fit converged.
final sum of squares of residuals : 3.77222e-23
rel. change during last iteration : -1.8773e-06

degrees of freedom    (FIT_NDF)                        : 4
rms of residuals      (FIT_STDFIT) = sqrt(WSSR/ndf)    : 3.07092e-12
variance of residuals (reduced chisquare) = WSSR/ndf   : 9.43054e-24

Final set of parameters            Asymptotic Standard Error
=======================            ==========================
M12             = 3.13996e-21      +/- 9.711e-22    (30.93%)


*******************************************************************************
Fri Apr 15 13:43:26 2022


FIT:    data read from "<(sed -n '/^-1\.0/,/^1\.0/p' StressPerm.txt)" using ($2*10**9):($7*eps_free)
        format = x:z
        #datapoints = 5
        residuals are weighted equally (unit weight)

function used for fitting: f(x)
	f(x)= eps0y*eps_free + 2*x*M22
fitted parameters initialized with current variable values

iter      chisq       delta/lim  lambda   M22          
   0 9.9999760000e+18   0.00e+00  1.41e+09    1.000000e+00
   6 7.1965437897e-24  -9.84e-01  1.41e+03    4.161297e-21

After 6 iterations the fit converged.
final sum of squares of residuals : 7.19654e-24
rel. change during last iteration : -9.84007e-06

degrees of freedom    (FIT_NDF)                        : 4
rms of residuals      (FIT_STDFIT) = sqrt(WSSR/ndf)    : 1.34132e-12
variance of residuals (reduced chisquare) = WSSR/ndf   : 1.79914e-24

Final set of parameters            Asymptotic Standard Error
=======================            ==========================
M22             = 4.1613e-21       +/- 4.242e-22    (10.19%)


*******************************************************************************
Fri Apr 15 13:43:26 2022


FIT:    data read from "<(sed -n '/^-1\.0/,/^1\.0/p' StressPerm.txt)" using ($2*10**9):($11*eps_free)
        format = x:z
        #datapoints = 5
        residuals are weighted equally (unit weight)

function used for fitting: f(x)
	f(x)= eps0z*eps_free + 2*x*M32
fitted parameters initialized with current variable values

iter      chisq       delta/lim  lambda   M32          
   0 9.9999760000e+18   0.00e+00  1.41e+09    1.000000e+00
   7 3.6336604167e-24  -1.01e-10  1.41e+02    2.597468e-21

After 7 iterations the fit converged.
final sum of squares of residuals : 3.63366e-24
rel. change during last iteration : -1.01094e-15

degrees of freedom    (FIT_NDF)                        : 4
rms of residuals      (FIT_STDFIT) = sqrt(WSSR/ndf)    : 9.53108e-13
variance of residuals (reduced chisquare) = WSSR/ndf   : 9.08415e-25

Final set of parameters            Asymptotic Standard Error
=======================            ==========================
M32             = 2.59747e-21      +/- 3.014e-22    (11.6%)


*******************************************************************************
Fri Apr 15 13:43:26 2022


FIT:    data read from "<(sed -n '/^-1\.0/,/^1\.0/p' StressPerm.txt)" using ($2*10**9):($8*eps_free)
        format = x:z
        #datapoints = 5
        residuals are weighted equally (unit weight)

function used for fitting: f(x)
	f(x)= eps0yz*eps_free + 2*x*M42
fitted parameters initialized with current variable values

iter      chisq       delta/lim  lambda   M42          
   0 9.9999760000e+18   0.00e+00  1.41e+09    1.000000e+00
   7 6.9482850701e-27   0.00e+00  1.41e+02    3.010428e-22

After 7 iterations the fit converged.
final sum of squares of residuals : 6.94829e-27
rel. change during last iteration : 0

degrees of freedom    (FIT_NDF)                        : 4
rms of residuals      (FIT_STDFIT) = sqrt(WSSR/ndf)    : 4.16782e-14
variance of residuals (reduced chisquare) = WSSR/ndf   : 1.73707e-27

Final set of parameters            Asymptotic Standard Error
=======================            ==========================
M42             = 3.01043e-22      +/- 1.318e-23    (4.378%)


*******************************************************************************
Fri Apr 15 13:43:26 2022


FIT:    data read from "<(sed -n '/^-1\.0/,/^1\.0/p' StressPerm.txt)" using ($2*10**9):($5*eps_free)
        format = x:z
        #datapoints = 5
        residuals are weighted equally (unit weight)

function used for fitting: f(x)
	f(x)= eps0xz*eps_free + 2*x*M52
fitted parameters initialized with current variable values

iter      chisq       delta/lim  lambda   M52          
   0 9.9999760000e+18   0.00e+00  1.41e+09    1.000000e+00
   7 1.1322484482e-25   0.00e+00  1.41e+09    1.142192e-21

After 7 iterations the fit converged.
final sum of squares of residuals : 1.13225e-25
rel. change during last iteration : 0

degrees of freedom    (FIT_NDF)                        : 4
rms of residuals      (FIT_STDFIT) = sqrt(WSSR/ndf)    : 1.68244e-13
variance of residuals (reduced chisquare) = WSSR/ndf   : 2.83062e-26

Final set of parameters            Asymptotic Standard Error
=======================            ==========================
M52             = 1.14219e-21      +/- 5.32e-23     (4.658%)


*******************************************************************************
Fri Apr 15 13:43:26 2022


FIT:    data read from "<(sed -n '/^-1\.0/,/^1\.0/p' StressPerm.txt)" using ($2*10**9):($4*eps_free)
        format = x:z
        #datapoints = 5
        residuals are weighted equally (unit weight)

function used for fitting: f(x)
	f(x)= eps0xy*eps_free + 2*x*M62
fitted parameters initialized with current variable values

iter      chisq       delta/lim  lambda   M62          
   0 9.9999760000e+18   0.00e+00  1.41e+09    1.000000e+00
   6 1.3680501824e-23  -5.18e-01  1.41e+03    4.161474e-21

After 6 iterations the fit converged.
final sum of squares of residuals : 1.36805e-23
rel. change during last iteration : -5.17631e-06

degrees of freedom    (FIT_NDF)                        : 4
rms of residuals      (FIT_STDFIT) = sqrt(WSSR/ndf)    : 1.84936e-12
variance of residuals (reduced chisquare) = WSSR/ndf   : 3.42013e-24

Final set of parameters            Asymptotic Standard Error
=======================            ==========================
M62             = 4.16147e-21      +/- 5.848e-22    (14.05%)


*******************************************************************************
Fri Apr 15 13:43:26 2022


FIT:    data read from "<(sed -n '/^-1\.0/,/^1\.0/p' StressRigid.txt)" using ($2*10**9):($3/eps_free)
        format = x:z
        #datapoints = 5
        residuals are weighted equally (unit weight)

function used for fitting: f(x)
	f(x)= eta0x/eps_free + 2*x*Q12
fitted parameters initialized with current variable values

iter      chisq       delta/lim  lambda   Q12          
   0 9.9295871183e+18   0.00e+00  1.41e+09    1.000000e+00
   4 8.6255393875e+14  -5.11e-08  1.41e+05    3.568949e-03

After 4 iterations the fit converged.
final sum of squares of residuals : 8.62554e+14
rel. change during last iteration : -5.11272e-13

degrees of freedom    (FIT_NDF)                        : 4
rms of residuals      (FIT_STDFIT) = sqrt(WSSR/ndf)    : 1.46846e+07
variance of residuals (reduced chisquare) = WSSR/ndf   : 2.15638e+14

Final set of parameters            Asymptotic Standard Error
=======================            ==========================
Q12             = 0.00356895       +/- 0.004644     (130.1%)


*******************************************************************************
Fri Apr 15 13:43:26 2022


FIT:    data read from "<(sed -n '/^-1\.0/,/^1\.0/p' StressRigid.txt)" using ($2*10**9):($7/eps_free)
        format = x:z
        #datapoints = 5
        residuals are weighted equally (unit weight)

function used for fitting: f(x)
	f(x)= eta0y/eps_free + 2*x*Q22
fitted parameters initialized with current variable values

iter      chisq       delta/lim  lambda   Q22          
   0 1.2327427551e+19   0.00e+00  1.41e+09    1.000000e+00
   4 1.0895343175e+15  -4.81e-08  1.41e+05   -1.102418e-01

After 4 iterations the fit converged.
final sum of squares of residuals : 1.08953e+15
rel. change during last iteration : -4.81054e-13

degrees of freedom    (FIT_NDF)                        : 4
rms of residuals      (FIT_STDFIT) = sqrt(WSSR/ndf)    : 1.6504e+07
variance of residuals (reduced chisquare) = WSSR/ndf   : 2.72384e+14

Final set of parameters            Asymptotic Standard Error
=======================            ==========================
Q22             = -0.110242        +/- 0.005219     (4.734%)


*******************************************************************************
Fri Apr 15 13:43:26 2022


FIT:    data read from "<(sed -n '/^-1\.0/,/^1\.0/p' StressRigid.txt)" using ($2*10**9):($11/eps_free)
        format = x:z
        #datapoints = 5
        residuals are weighted equally (unit weight)

function used for fitting: f(x)
	f(x)= eta0z/eps_free + 2*x*Q32
fitted parameters initialized with current variable values

iter      chisq       delta/lim  lambda   Q32          
   0 1.0882069242e+19   0.00e+00  1.41e+09    1.000000e+00
   4 8.4769554194e+14  -5.70e-08  1.41e+05   -4.313219e-02

After 4 iterations the fit converged.
final sum of squares of residuals : 8.47696e+14
rel. change during last iteration : -5.70222e-13

degrees of freedom    (FIT_NDF)                        : 4
rms of residuals      (FIT_STDFIT) = sqrt(WSSR/ndf)    : 1.45576e+07
variance of residuals (reduced chisquare) = WSSR/ndf   : 2.11924e+14

Final set of parameters            Asymptotic Standard Error
=======================            ==========================
Q32             = -0.0431322       +/- 0.004604     (10.67%)


*******************************************************************************
Fri Apr 15 13:43:26 2022


FIT:    data read from "<(sed -n '/^-1\.0/,/^1\.0/p' StressRigid.txt)" using ($2*10**9):($8/eps_free)
        format = x:z
        #datapoints = 5
        residuals are weighted equally (unit weight)

function used for fitting: f(x)
	f(x)= eta0yz/eps_free + 2*x*Q42
fitted parameters initialized with current variable values

iter      chisq       delta/lim  lambda   Q42          
   0 9.9961509694e+18   0.00e+00  1.41e+09    1.000000e+00
   4 1.4606489229e+13  -3.03e-06  1.41e+05    1.920007e-04

After 4 iterations the fit converged.
final sum of squares of residuals : 1.46065e+13
rel. change during last iteration : -3.02938e-11

degrees of freedom    (FIT_NDF)                        : 4
rms of residuals      (FIT_STDFIT) = sqrt(WSSR/ndf)    : 1.91092e+06
variance of residuals (reduced chisquare) = WSSR/ndf   : 3.65162e+12

Final set of parameters            Asymptotic Standard Error
=======================            ==========================
Q42             = 0.000192001      +/- 0.0006043    (314.7%)


*******************************************************************************
Fri Apr 15 13:43:26 2022


FIT:    data read from "<(sed -n '/^-1\.0/,/^1\.0/p' StressRigid.txt)" using ($2*10**9):($5/eps_free)
        format = x:z
        #datapoints = 5
        residuals are weighted equally (unit weight)

function used for fitting: f(x)
	f(x)= eta0xz/eps_free + 2*x*Q52
fitted parameters initialized with current variable values

iter      chisq       delta/lim  lambda   Q52          
   0 1.0173757344e+19   0.00e+00  1.41e+09    1.000000e+00
   4 7.6072123175e+12  -5.92e-06  1.41e+05   -8.651285e-03

After 4 iterations the fit converged.
final sum of squares of residuals : 7.60721e+12
rel. change during last iteration : -5.91943e-11

degrees of freedom    (FIT_NDF)                        : 4
rms of residuals      (FIT_STDFIT) = sqrt(WSSR/ndf)    : 1.37906e+06
variance of residuals (reduced chisquare) = WSSR/ndf   : 1.9018e+12

Final set of parameters            Asymptotic Standard Error
=======================            ==========================
Q52             = -0.00865129      +/- 0.0004361    (5.041%)


*******************************************************************************
Fri Apr 15 13:43:26 2022


FIT:    data read from "<(sed -n '/^-1\.0/,/^1\.0/p' StressRigid.txt)" using ($2*10**9):($4/eps_free)
        format = x:z
        #datapoints = 5
        residuals are weighted equally (unit weight)

function used for fitting: f(x)
	f(x)= eta0xy/eps_free + 2*x*Q62
fitted parameters initialized with current variable values

iter      chisq       delta/lim  lambda   Q62          
   0 1.0416283524e+19   0.00e+00  1.41e+09    1.000000e+00
   4 9.7774205124e+14  -4.73e-08  1.41e+05   -2.055528e-02

After 4 iterations the fit converged.
final sum of squares of residuals : 9.77742e+14
rel. change during last iteration : -4.72517e-13

degrees of freedom    (FIT_NDF)                        : 4
rms of residuals      (FIT_STDFIT) = sqrt(WSSR/ndf)    : 1.56344e+07
variance of residuals (reduced chisquare) = WSSR/ndf   : 2.44436e+14

Final set of parameters            Asymptotic Standard Error
=======================            ==========================
Q62             = -0.0205553       +/- 0.004944     (24.05%)
