

*******************************************************************************
Fri Apr 15 13:45:57 2022


FIT:    data read from "<(sed -n '/^-1\.0/,/^1\.0/p' StressPerm.txt)" using ($2*10**9):($3*eps_free)
        format = x:z
        #datapoints = 5
        residuals are weighted equally (unit weight)

function used for fitting: f(x)
	f(x)= eps0x*eps_free + 2*x*M13
fitted parameters initialized with current variable values

iter      chisq       delta/lim  lambda   M13          
   0 9.9999880000e+18   0.00e+00  1.41e+09    1.000000e+00
   7 5.0480897614e-24   0.00e+00  1.41e+02    2.831483e-21

After 7 iterations the fit converged.
final sum of squares of residuals : 5.04809e-24
rel. change during last iteration : 0

degrees of freedom    (FIT_NDF)                        : 4
rms of residuals      (FIT_STDFIT) = sqrt(WSSR/ndf)    : 1.1234e-12
variance of residuals (reduced chisquare) = WSSR/ndf   : 1.26202e-24

Final set of parameters            Asymptotic Standard Error
=======================            ==========================
M13             = 2.83148e-21      +/- 3.552e-22    (12.55%)


*******************************************************************************
Fri Apr 15 13:45:57 2022


FIT:    data read from "<(sed -n '/^-1\.0/,/^1\.0/p' StressPerm.txt)" using ($2*10**9):($7*eps_free)
        format = x:z
        #datapoints = 5
        residuals are weighted equally (unit weight)

function used for fitting: f(x)
	f(x)= eps0y*eps_free + 2*x*M23
fitted parameters initialized with current variable values

iter      chisq       delta/lim  lambda   M23          
   0 9.9999880000e+18   0.00e+00  1.41e+09    1.000000e+00
   6 4.5432264908e-23  -1.56e-01  1.41e+03   -4.267896e-21

After 6 iterations the fit converged.
final sum of squares of residuals : 4.54323e-23
rel. change during last iteration : -1.5586e-06

degrees of freedom    (FIT_NDF)                        : 4
rms of residuals      (FIT_STDFIT) = sqrt(WSSR/ndf)    : 3.37017e-12
variance of residuals (reduced chisquare) = WSSR/ndf   : 1.13581e-23

Final set of parameters            Asymptotic Standard Error
=======================            ==========================
M23             = -4.2679e-21      +/- 1.066e-21    (24.97%)


*******************************************************************************
Fri Apr 15 13:45:57 2022


FIT:    data read from "<(sed -n '/^-1\.0/,/^1\.0/p' StressPerm.txt)" using ($2*10**9):($11*eps_free)
        format = x:z
        #datapoints = 5
        residuals are weighted equally (unit weight)

function used for fitting: f(x)
	f(x)= eps0z*eps_free + 2*x*M33
fitted parameters initialized with current variable values

iter      chisq       delta/lim  lambda   M33          
   0 9.9999880000e+18   0.00e+00  1.41e+09    1.000000e+00
   7 3.5377796719e-24  -2.26e-09  1.41e+02    3.793226e-21

After 7 iterations the fit converged.
final sum of squares of residuals : 3.53778e-24
rel. change during last iteration : -2.26358e-14

degrees of freedom    (FIT_NDF)                        : 4
rms of residuals      (FIT_STDFIT) = sqrt(WSSR/ndf)    : 9.40449e-13
variance of residuals (reduced chisquare) = WSSR/ndf   : 8.84445e-25

Final set of parameters            Asymptotic Standard Error
=======================            ==========================
M33             = 3.79323e-21      +/- 2.974e-22    (7.84%)


*******************************************************************************
Fri Apr 15 13:45:57 2022


FIT:    data read from "<(sed -n '/^-1\.0/,/^1\.0/p' StressPerm.txt)" using ($2*10**9):($8*eps_free)
        format = x:z
        #datapoints = 5
        residuals are weighted equally (unit weight)

function used for fitting: f(x)
	f(x)= eps0yz*eps_free + 2*x*M43
fitted parameters initialized with current variable values

iter      chisq       delta/lim  lambda   M43          
   0 9.9999880000e+18   0.00e+00  1.41e+09    1.000000e+00
   6 8.7947173715e-24  -8.05e-01  1.41e+03   -2.390633e-21

After 6 iterations the fit converged.
final sum of squares of residuals : 8.79472e-24
rel. change during last iteration : -8.05203e-06

degrees of freedom    (FIT_NDF)                        : 4
rms of residuals      (FIT_STDFIT) = sqrt(WSSR/ndf)    : 1.48279e-12
variance of residuals (reduced chisquare) = WSSR/ndf   : 2.19868e-24

Final set of parameters            Asymptotic Standard Error
=======================            ==========================
M43             = -2.39063e-21     +/- 4.689e-22    (19.61%)


*******************************************************************************
Fri Apr 15 13:45:57 2022


FIT:    data read from "<(sed -n '/^-1\.0/,/^1\.0/p' StressPerm.txt)" using ($2*10**9):($5*eps_free)
        format = x:z
        #datapoints = 5
        residuals are weighted equally (unit weight)

function used for fitting: f(x)
	f(x)= eps0xz*eps_free + 2*x*M53
fitted parameters initialized with current variable values

iter      chisq       delta/lim  lambda   M53          
   0 9.9999880000e+18   0.00e+00  1.41e+09    1.000000e+00
   7 1.3075712268e-25   0.00e+00  1.41e+08   -2.744798e-22

After 7 iterations the fit converged.
final sum of squares of residuals : 1.30757e-25
rel. change during last iteration : 0

degrees of freedom    (FIT_NDF)                        : 4
rms of residuals      (FIT_STDFIT) = sqrt(WSSR/ndf)    : 1.80802e-13
variance of residuals (reduced chisquare) = WSSR/ndf   : 3.26893e-26

Final set of parameters            Asymptotic Standard Error
=======================            ==========================
M53             = -2.7448e-22      +/- 5.717e-23    (20.83%)


*******************************************************************************
Fri Apr 15 13:45:57 2022


FIT:    data read from "<(sed -n '/^-1\.0/,/^1\.0/p' StressPerm.txt)" using ($2*10**9):($4*eps_free)
        format = x:z
        #datapoints = 5
        residuals are weighted equally (unit weight)

function used for fitting: f(x)
	f(x)= eps0xy*eps_free + 2*x*M63
fitted parameters initialized with current variable values

iter      chisq       delta/lim  lambda   M63          
   0 9.9999880000e+18   0.00e+00  1.41e+09    1.000000e+00
   7 4.9516179031e-24   0.00e+00  1.41e+07    3.276042e-22

After 7 iterations the fit converged.
final sum of squares of residuals : 4.95162e-24
rel. change during last iteration : 0

degrees of freedom    (FIT_NDF)                        : 4
rms of residuals      (FIT_STDFIT) = sqrt(WSSR/ndf)    : 1.11261e-12
variance of residuals (reduced chisquare) = WSSR/ndf   : 1.2379e-24

Final set of parameters            Asymptotic Standard Error
=======================            ==========================
M63             = 3.27604e-22      +/- 3.518e-22    (107.4%)


*******************************************************************************
Fri Apr 15 13:45:57 2022


FIT:    data read from "<(sed -n '/^-1\.0/,/^1\.0/p' StressRigid.txt)" using ($2*10**9):($3/eps_free)
        format = x:z
        #datapoints = 5
        residuals are weighted equally (unit weight)

function used for fitting: f(x)
	f(x)= eta0x/eps_free + 2*x*Q13
fitted parameters initialized with current variable values

iter      chisq       delta/lim  lambda   Q13          
   0 1.0974786224e+19   0.00e+00  1.41e+09    1.000000e+00
   4 1.2278328342e+15  -4.01e-08  1.41e+05   -4.754816e-02

After 4 iterations the fit converged.
final sum of squares of residuals : 1.22783e+15
rel. change during last iteration : -4.0091e-13

degrees of freedom    (FIT_NDF)                        : 4
rms of residuals      (FIT_STDFIT) = sqrt(WSSR/ndf)    : 1.75202e+07
variance of residuals (reduced chisquare) = WSSR/ndf   : 3.06958e+14

Final set of parameters            Asymptotic Standard Error
=======================            ==========================
Q13             = -0.0475482       +/- 0.00554      (11.65%)


*******************************************************************************
Fri Apr 15 13:45:57 2022


FIT:    data read from "<(sed -n '/^-1\.0/,/^1\.0/p' StressRigid.txt)" using ($2*10**9):($7/eps_free)
        format = x:z
        #datapoints = 5
        residuals are weighted equally (unit weight)

function used for fitting: f(x)
	f(x)= eta0y/eps_free + 2*x*Q23
fitted parameters initialized with current variable values

iter      chisq       delta/lim  lambda   Q23          
   0 9.3418305389e+18   0.00e+00  1.41e+09    1.000000e+00
   4 3.6781953095e+14  -1.15e-07  1.41e+05    3.348699e-02

After 4 iterations the fit converged.
final sum of squares of residuals : 3.6782e+14
rel. change during last iteration : -1.15087e-12

degrees of freedom    (FIT_NDF)                        : 4
rms of residuals      (FIT_STDFIT) = sqrt(WSSR/ndf)    : 9.58931e+06
variance of residuals (reduced chisquare) = WSSR/ndf   : 9.19549e+13

Final set of parameters            Asymptotic Standard Error
=======================            ==========================
Q23             = 0.033487         +/- 0.003032     (9.055%)


*******************************************************************************
Fri Apr 15 13:45:57 2022


FIT:    data read from "<(sed -n '/^-1\.0/,/^1\.0/p' StressRigid.txt)" using ($2*10**9):($11/eps_free)
        format = x:z
        #datapoints = 5
        residuals are weighted equally (unit weight)

function used for fitting: f(x)
	f(x)= eta0z/eps_free + 2*x*Q33
fitted parameters initialized with current variable values

iter      chisq       delta/lim  lambda   Q33          
   0 1.2423426473e+19   0.00e+00  1.41e+09    1.000000e+00
   4 5.8622399288e+14  -9.52e-08  1.41e+05   -1.145786e-01

After 4 iterations the fit converged.
final sum of squares of residuals : 5.86224e+14
rel. change during last iteration : -9.51641e-13

degrees of freedom    (FIT_NDF)                        : 4
rms of residuals      (FIT_STDFIT) = sqrt(WSSR/ndf)    : 1.2106e+07
variance of residuals (reduced chisquare) = WSSR/ndf   : 1.46556e+14

Final set of parameters            Asymptotic Standard Error
=======================            ==========================
Q33             = -0.114579        +/- 0.003828     (3.341%)


*******************************************************************************
Fri Apr 15 13:45:57 2022


FIT:    data read from "<(sed -n '/^-1\.0/,/^1\.0/p' StressRigid.txt)" using ($2*10**9):($8/eps_free)
        format = x:z
        #datapoints = 5
        residuals are weighted equally (unit weight)

function used for fitting: f(x)
	f(x)= eta0yz/eps_free + 2*x*Q43
fitted parameters initialized with current variable values

iter      chisq       delta/lim  lambda   Q43          
   0 9.5950156308e+18   0.00e+00  1.41e+09    1.000000e+00
   4 1.3720546971e+14  -3.13e-07  1.41e+05    2.046491e-02

After 4 iterations the fit converged.
final sum of squares of residuals : 1.37205e+14
rel. change during last iteration : -3.12522e-12

degrees of freedom    (FIT_NDF)                        : 4
rms of residuals      (FIT_STDFIT) = sqrt(WSSR/ndf)    : 5.85674e+06
variance of residuals (reduced chisquare) = WSSR/ndf   : 3.43014e+13

Final set of parameters            Asymptotic Standard Error
=======================            ==========================
Q43             = 0.0204649        +/- 0.001852     (9.05%)


*******************************************************************************
Fri Apr 15 13:45:57 2022


FIT:    data read from "<(sed -n '/^-1\.0/,/^1\.0/p' StressRigid.txt)" using ($2*10**9):($5/eps_free)
        format = x:z
        #datapoints = 5
        residuals are weighted equally (unit weight)

function used for fitting: f(x)
	f(x)= eta0xz/eps_free + 2*x*Q53
fitted parameters initialized with current variable values

iter      chisq       delta/lim  lambda   Q53          
   0 9.8907655380e+18   0.00e+00  1.41e+09    1.000000e+00
   4 3.0135064669e+13  -1.45e-06  1.41e+05    5.477639e-03

After 4 iterations the fit converged.
final sum of squares of residuals : 3.01351e+13
rel. change during last iteration : -1.45292e-11

degrees of freedom    (FIT_NDF)                        : 4
rms of residuals      (FIT_STDFIT) = sqrt(WSSR/ndf)    : 2.74477e+06
variance of residuals (reduced chisquare) = WSSR/ndf   : 7.53377e+12

Final set of parameters            Asymptotic Standard Error
=======================            ==========================
Q53             = 0.00547764       +/- 0.000868     (15.85%)


*******************************************************************************
Fri Apr 15 13:45:57 2022


FIT:    data read from "<(sed -n '/^-1\.0/,/^1\.0/p' StressRigid.txt)" using ($2*10**9):($4/eps_free)
        format = x:z
        #datapoints = 5
        residuals are weighted equally (unit weight)

function used for fitting: f(x)
	f(x)= eta0xy/eps_free + 2*x*Q63
fitted parameters initialized with current variable values

iter      chisq       delta/lim  lambda   Q63          
   0 1.0029564879e+19   0.00e+00  1.41e+09    1.000000e+00
   4 4.1708315935e+14  -1.06e-07  1.41e+05   -1.456930e-03

After 4 iterations the fit converged.
final sum of squares of residuals : 4.17083e+14
rel. change during last iteration : -1.06454e-12

degrees of freedom    (FIT_NDF)                        : 4
rms of residuals      (FIT_STDFIT) = sqrt(WSSR/ndf)    : 1.02113e+07
variance of residuals (reduced chisquare) = WSSR/ndf   : 1.04271e+14

Final set of parameters            Asymptotic Standard Error
=======================            ==========================
Q63             = -0.00145693      +/- 0.003229     (221.6%)
