

*******************************************************************************
Thu Oct 28 21:17:06 2021


FIT:    data read from "<(sed -n '/^-1\.0/,/^1\.0/p' StressPerm.txt)" using ($2*10**9):($3*eps_free)
        format = x:z
        #datapoints = 5
        residuals are weighted equally (unit weight)

function used for fitting: f(x)
	f(x)= eps0x*eps_free + 2*x*M11
fitted parameters initialized with current variable values

iter      chisq       delta/lim  lambda   M11          
   0 9.9999760000e+18   0.00e+00  1.41e+09    1.000000e+00
   7 4.2256873952e-25   0.00e+00  1.41e+08    2.800583e-21

After 7 iterations the fit converged.
final sum of squares of residuals : 4.22569e-25
rel. change during last iteration : 0

degrees of freedom    (FIT_NDF)                        : 4
rms of residuals      (FIT_STDFIT) = sqrt(WSSR/ndf)    : 3.25026e-13
variance of residuals (reduced chisquare) = WSSR/ndf   : 1.05642e-25

Final set of parameters            Asymptotic Standard Error
=======================            ==========================
M11             = 2.80058e-21      +/- 1.028e-22    (3.67%)


*******************************************************************************
Thu Oct 28 21:17:06 2021


FIT:    data read from "<(sed -n '/^-1\.0/,/^1\.0/p' StressPerm.txt)" using ($2*10**9):($7*eps_free)
        format = x:z
        #datapoints = 5
        residuals are weighted equally (unit weight)

function used for fitting: f(x)
	f(x)= eps0y*eps_free + 2*x*M21
fitted parameters initialized with current variable values

iter      chisq       delta/lim  lambda   M21          
   0 9.9999760000e+18   0.00e+00  1.41e+09    1.000000e+00
   6 3.1116172679e-22  -2.28e-02  1.41e+03   -4.190612e-20

After 6 iterations the fit converged.
final sum of squares of residuals : 3.11162e-22
rel. change during last iteration : -2.27596e-07

degrees of freedom    (FIT_NDF)                        : 4
rms of residuals      (FIT_STDFIT) = sqrt(WSSR/ndf)    : 8.81989e-12
variance of residuals (reduced chisquare) = WSSR/ndf   : 7.77904e-23

Final set of parameters            Asymptotic Standard Error
=======================            ==========================
M21             = -4.19061e-20     +/- 2.789e-21    (6.656%)


*******************************************************************************
Thu Oct 28 21:17:06 2021


FIT:    data read from "<(sed -n '/^-1\.0/,/^1\.0/p' StressPerm.txt)" using ($2*10**9):($11*eps_free)
        format = x:z
        #datapoints = 5
        residuals are weighted equally (unit weight)

function used for fitting: f(x)
	f(x)= eps0z*eps_free + 2*x*M31
fitted parameters initialized with current variable values

iter      chisq       delta/lim  lambda   M31          
   0 9.9999760000e+18   0.00e+00  1.41e+09    1.000000e+00
   7 5.6125278036e-24  -1.57e-10  1.41e+09   -4.132166e-21

After 7 iterations the fit converged.
final sum of squares of residuals : 5.61253e-24
rel. change during last iteration : -1.57081e-15

degrees of freedom    (FIT_NDF)                        : 4
rms of residuals      (FIT_STDFIT) = sqrt(WSSR/ndf)    : 1.18454e-12
variance of residuals (reduced chisquare) = WSSR/ndf   : 1.40313e-24

Final set of parameters            Asymptotic Standard Error
=======================            ==========================
M31             = -4.13217e-21     +/- 3.746e-22    (9.065%)


*******************************************************************************
Thu Oct 28 21:17:06 2021


FIT:    data read from "<(sed -n '/^-1\.0/,/^1\.0/p' StressPerm.txt)" using ($2*10**9):($8*eps_free)
        format = x:z
        #datapoints = 5
        residuals are weighted equally (unit weight)

function used for fitting: f(x)
	f(x)= eps0yz*eps_free + 2*x*M41
fitted parameters initialized with current variable values

iter      chisq       delta/lim  lambda   M41          
   0 9.9999760000e+18   0.00e+00  1.41e+09    1.000000e+00
   6 4.4881024217e-23  -1.58e-01  1.41e+03   -1.338755e-20

After 6 iterations the fit converged.
final sum of squares of residuals : 4.4881e-23
rel. change during last iteration : -1.57784e-06

degrees of freedom    (FIT_NDF)                        : 4
rms of residuals      (FIT_STDFIT) = sqrt(WSSR/ndf)    : 3.34967e-12
variance of residuals (reduced chisquare) = WSSR/ndf   : 1.12203e-23

Final set of parameters            Asymptotic Standard Error
=======================            ==========================
M41             = -1.33875e-20     +/- 1.059e-21    (7.912%)


*******************************************************************************
Thu Oct 28 21:17:06 2021


FIT:    data read from "<(sed -n '/^-1\.0/,/^1\.0/p' StressPerm.txt)" using ($2*10**9):($5*eps_free)
        format = x:z
        #datapoints = 5
        residuals are weighted equally (unit weight)

function used for fitting: f(x)
	f(x)= eps0xz*eps_free + 2*x*M51
fitted parameters initialized with current variable values

iter      chisq       delta/lim  lambda   M51          
   0 9.9999760000e+18   0.00e+00  1.41e+09    1.000000e+00
   7 5.2896733300e-26  -2.17e-11  1.41e+02   -2.302091e-22

After 7 iterations the fit converged.
final sum of squares of residuals : 5.28967e-26
rel. change during last iteration : -2.17016e-16

degrees of freedom    (FIT_NDF)                        : 4
rms of residuals      (FIT_STDFIT) = sqrt(WSSR/ndf)    : 1.14996e-13
variance of residuals (reduced chisquare) = WSSR/ndf   : 1.32242e-26

Final set of parameters            Asymptotic Standard Error
=======================            ==========================
M51             = -2.30209e-22     +/- 3.637e-23    (15.8%)


*******************************************************************************
Thu Oct 28 21:17:06 2021


FIT:    data read from "<(sed -n '/^-1\.0/,/^1\.0/p' StressPerm.txt)" using ($2*10**9):($4*eps_free)
        format = x:z
        #datapoints = 5
        residuals are weighted equally (unit weight)

function used for fitting: f(x)
	f(x)= eps0xy*eps_free + 2*x*M61
fitted parameters initialized with current variable values

iter      chisq       delta/lim  lambda   M61          
   0 9.9999760000e+18   0.00e+00  1.41e+09    1.000000e+00
   7 1.5104919873e-24   0.00e+00  1.41e+02   -8.500026e-22

After 7 iterations the fit converged.
final sum of squares of residuals : 1.51049e-24
rel. change during last iteration : 0

degrees of freedom    (FIT_NDF)                        : 4
rms of residuals      (FIT_STDFIT) = sqrt(WSSR/ndf)    : 6.1451e-13
variance of residuals (reduced chisquare) = WSSR/ndf   : 3.77623e-25

Final set of parameters            Asymptotic Standard Error
=======================            ==========================
M61             = -8.50003e-22     +/- 1.943e-22    (22.86%)


*******************************************************************************
Thu Oct 28 21:17:06 2021


FIT:    data read from "<(sed -n '/^-1\.0/,/^1\.0/p' StressRigid.txt)" using ($2*10**9):($3/eps_free)
        format = x:z
        #datapoints = 5
        residuals are weighted equally (unit weight)

function used for fitting: f(x)
	f(x)= eta0x/eps_free + 2*x*Q11
fitted parameters initialized with current variable values

iter      chisq       delta/lim  lambda   Q11          
   0 1.0975972557e+19   0.00e+00  1.41e+09    1.000000e+00
   4 6.0638479286e+13  -8.00e-07  1.41e+05   -4.766112e-02

After 4 iterations the fit converged.
final sum of squares of residuals : 6.06385e+13
rel. change during last iteration : -8.0008e-12

degrees of freedom    (FIT_NDF)                        : 4
rms of residuals      (FIT_STDFIT) = sqrt(WSSR/ndf)    : 3.89354e+06
variance of residuals (reduced chisquare) = WSSR/ndf   : 1.51596e+13

Final set of parameters            Asymptotic Standard Error
=======================            ==========================
Q11             = -0.0476611       +/- 0.001231     (2.583%)


*******************************************************************************
Thu Oct 28 21:17:06 2021


FIT:    data read from "<(sed -n '/^-1\.0/,/^1\.0/p' StressRigid.txt)" using ($2*10**9):($7/eps_free)
        format = x:z
        #datapoints = 5
        residuals are weighted equally (unit weight)

function used for fitting: f(x)
	f(x)= eta0y/eps_free + 2*x*Q21
fitted parameters initialized with current variable values

iter      chisq       delta/lim  lambda   Q21          
   0 7.4522458200e+18   0.00e+00  1.41e+09    1.000000e+00
   4 4.3618198423e+14  -7.54e-08  1.41e+05    1.367603e-01

After 4 iterations the fit converged.
final sum of squares of residuals : 4.36182e+14
rel. change during last iteration : -7.54129e-13

degrees of freedom    (FIT_NDF)                        : 4
rms of residuals      (FIT_STDFIT) = sqrt(WSSR/ndf)    : 1.04425e+07
variance of residuals (reduced chisquare) = WSSR/ndf   : 1.09045e+14

Final set of parameters            Asymptotic Standard Error
=======================            ==========================
Q21             = 0.13676          +/- 0.003302     (2.415%)


*******************************************************************************
Thu Oct 28 21:17:06 2021


FIT:    data read from "<(sed -n '/^-1\.0/,/^1\.0/p' StressRigid.txt)" using ($2*10**9):($11/eps_free)
        format = x:z
        #datapoints = 5
        residuals are weighted equally (unit weight)

function used for fitting: f(x)
	f(x)= eta0z/eps_free + 2*x*Q31
fitted parameters initialized with current variable values

iter      chisq       delta/lim  lambda   Q31          
   0 9.8651375681e+18   0.00e+00  1.41e+09    1.000000e+00
   4 6.9251289234e+12  -6.31e-06  1.41e+05    6.765168e-03

After 4 iterations the fit converged.
final sum of squares of residuals : 6.92513e+12
rel. change during last iteration : -6.30752e-11

degrees of freedom    (FIT_NDF)                        : 4
rms of residuals      (FIT_STDFIT) = sqrt(WSSR/ndf)    : 1.31578e+06
variance of residuals (reduced chisquare) = WSSR/ndf   : 1.73128e+12

Final set of parameters            Asymptotic Standard Error
=======================            ==========================
Q31             = 0.00676517       +/- 0.0004161    (6.15%)


*******************************************************************************
Thu Oct 28 21:17:06 2021


FIT:    data read from "<(sed -n '/^-1\.0/,/^1\.0/p' StressRigid.txt)" using ($2*10**9):($8/eps_free)
        format = x:z
        #datapoints = 5
        residuals are weighted equally (unit weight)

function used for fitting: f(x)
	f(x)= eta0yz/eps_free + 2*x*Q41
fitted parameters initialized with current variable values

iter      chisq       delta/lim  lambda   Q41          
   0 9.1260394683e+18   0.00e+00  1.41e+09    1.000000e+00
   4 1.1988655375e+14  -3.33e-07  1.41e+05    4.470206e-02

After 4 iterations the fit converged.
final sum of squares of residuals : 1.19887e+14
rel. change during last iteration : -3.3318e-12

degrees of freedom    (FIT_NDF)                        : 4
rms of residuals      (FIT_STDFIT) = sqrt(WSSR/ndf)    : 5.47464e+06
variance of residuals (reduced chisquare) = WSSR/ndf   : 2.99716e+13

Final set of parameters            Asymptotic Standard Error
=======================            ==========================
Q41             = 0.0447021        +/- 0.001731     (3.873%)


*******************************************************************************
Thu Oct 28 21:17:06 2021


FIT:    data read from "<(sed -n '/^-1\.0/,/^1\.0/p' StressRigid.txt)" using ($2*10**9):($5/eps_free)
        format = x:z
        #datapoints = 5
        residuals are weighted equally (unit weight)

function used for fitting: f(x)
	f(x)= eta0xz/eps_free + 2*x*Q51
fitted parameters initialized with current variable values

iter      chisq       delta/lim  lambda   Q51          
   0 9.9948016044e+18   0.00e+00  1.41e+09    1.000000e+00
   4 2.0218974655e+13  -2.19e-06  1.41e+05    2.597651e-04

After 4 iterations the fit converged.
final sum of squares of residuals : 2.0219e+13
rel. change during last iteration : -2.18817e-11

degrees of freedom    (FIT_NDF)                        : 4
rms of residuals      (FIT_STDFIT) = sqrt(WSSR/ndf)    : 2.24828e+06
variance of residuals (reduced chisquare) = WSSR/ndf   : 5.05474e+12

Final set of parameters            Asymptotic Standard Error
=======================            ==========================
Q51             = 0.000259765      +/- 0.000711     (273.7%)


*******************************************************************************
Thu Oct 28 21:17:06 2021


FIT:    data read from "<(sed -n '/^-1\.0/,/^1\.0/p' StressRigid.txt)" using ($2*10**9):($4/eps_free)
        format = x:z
        #datapoints = 5
        residuals are weighted equally (unit weight)

function used for fitting: f(x)
	f(x)= eta0xy/eps_free + 2*x*Q61
fitted parameters initialized with current variable values

iter      chisq       delta/lim  lambda   Q61          
   0 9.8937169403e+18   0.00e+00  1.41e+09    1.000000e+00
   4 7.2791710168e+13  -6.02e-07  1.41e+05    5.330814e-03

After 4 iterations the fit converged.
final sum of squares of residuals : 7.27917e+13
rel. change during last iteration : -6.01674e-12

degrees of freedom    (FIT_NDF)                        : 4
rms of residuals      (FIT_STDFIT) = sqrt(WSSR/ndf)    : 4.2659e+06
variance of residuals (reduced chisquare) = WSSR/ndf   : 1.81979e+13

Final set of parameters            Asymptotic Standard Error
=======================            ==========================
Q61             = 0.00533081       +/- 0.001349     (25.31%)
