

*******************************************************************************
Wed Oct 27 11:59:58 2021


FIT:    data read from "<(sed -n '/^-1\.0/,/^1\.0/p' StressPerm.txt)" using ($2*10**9):($3*eps_free)
        format = x:z
        #datapoints = 5
        residuals are weighted equally (unit weight)

function used for fitting: f(x)
	f(x)= eps0x*eps_free + 2*x*M16
fitted parameters initialized with current variable values

iter      chisq       delta/lim  lambda   M16          
   0 9.9999880000e+18   0.00e+00  1.41e+09    1.000000e+00
   6 2.1389214259e-22  -3.31e-02  1.41e+03    6.274973e-22

After 6 iterations the fit converged.
final sum of squares of residuals : 2.13892e-22
rel. change during last iteration : -3.31072e-07

degrees of freedom    (FIT_NDF)                        : 4
rms of residuals      (FIT_STDFIT) = sqrt(WSSR/ndf)    : 7.31253e-12
variance of residuals (reduced chisquare) = WSSR/ndf   : 5.3473e-23

Final set of parameters            Asymptotic Standard Error
=======================            ==========================
M16             = 6.27497e-22      +/- 2.312e-21    (368.5%)


*******************************************************************************
Wed Oct 27 11:59:58 2021


FIT:    data read from "<(sed -n '/^-1\.0/,/^1\.0/p' StressPerm.txt)" using ($2*10**9):($7*eps_free)
        format = x:z
        #datapoints = 5
        residuals are weighted equally (unit weight)

function used for fitting: f(x)
	f(x)= eps0y*eps_free + 2*x*M26
fitted parameters initialized with current variable values

iter      chisq       delta/lim  lambda   M26          
   0 9.9999880000e+18   0.00e+00  1.41e+09    1.000000e+00
   6 1.4805943374e-23  -4.78e-01  1.41e+03   -4.358918e-21

After 6 iterations the fit converged.
final sum of squares of residuals : 1.48059e-23
rel. change during last iteration : -4.78266e-06

degrees of freedom    (FIT_NDF)                        : 4
rms of residuals      (FIT_STDFIT) = sqrt(WSSR/ndf)    : 1.92392e-12
variance of residuals (reduced chisquare) = WSSR/ndf   : 3.70149e-24

Final set of parameters            Asymptotic Standard Error
=======================            ==========================
M26             = -4.35892e-21     +/- 6.084e-22    (13.96%)


*******************************************************************************
Wed Oct 27 11:59:58 2021


FIT:    data read from "<(sed -n '/^-1\.0/,/^1\.0/p' StressPerm.txt)" using ($2*10**9):($11*eps_free)
        format = x:z
        #datapoints = 5
        residuals are weighted equally (unit weight)

function used for fitting: f(x)
	f(x)= eps0z*eps_free + 2*x*M36
fitted parameters initialized with current variable values

iter      chisq       delta/lim  lambda   M36          
   0 9.9999880000e+18   0.00e+00  1.41e+09    1.000000e+00
   7 6.1915549503e-24  -1.19e-11  1.41e+02   -2.554433e-22

After 7 iterations the fit converged.
final sum of squares of residuals : 6.19155e-24
rel. change during last iteration : -1.18659e-16

degrees of freedom    (FIT_NDF)                        : 4
rms of residuals      (FIT_STDFIT) = sqrt(WSSR/ndf)    : 1.24414e-12
variance of residuals (reduced chisquare) = WSSR/ndf   : 1.54789e-24

Final set of parameters            Asymptotic Standard Error
=======================            ==========================
M36             = -2.55443e-22     +/- 3.934e-22    (154%)


*******************************************************************************
Wed Oct 27 11:59:58 2021


FIT:    data read from "<(sed -n '/^-1\.0/,/^1\.0/p' StressPerm.txt)" using ($2*10**9):($8*eps_free)
        format = x:z
        #datapoints = 5
        residuals are weighted equally (unit weight)

function used for fitting: f(x)
	f(x)= eps0yz*eps_free + 2*x*M46
fitted parameters initialized with current variable values

iter      chisq       delta/lim  lambda   M46          
   0 9.9999880000e+18   0.00e+00  1.41e+09    1.000000e+00
   6 9.0798396071e-24  -7.80e-01  1.41e+03   -1.195316e-21

After 6 iterations the fit converged.
final sum of squares of residuals : 9.07984e-24
rel. change during last iteration : -7.79998e-06

degrees of freedom    (FIT_NDF)                        : 4
rms of residuals      (FIT_STDFIT) = sqrt(WSSR/ndf)    : 1.50664e-12
variance of residuals (reduced chisquare) = WSSR/ndf   : 2.26996e-24

Final set of parameters            Asymptotic Standard Error
=======================            ==========================
M46             = -1.19532e-21     +/- 4.764e-22    (39.86%)


*******************************************************************************
Wed Oct 27 11:59:58 2021


FIT:    data read from "<(sed -n '/^-1\.0/,/^1\.0/p' StressPerm.txt)" using ($2*10**9):($5*eps_free)
        format = x:z
        #datapoints = 5
        residuals are weighted equally (unit weight)

function used for fitting: f(x)
	f(x)= eps0xz*eps_free + 2*x*M56
fitted parameters initialized with current variable values

iter      chisq       delta/lim  lambda   M56          
   0 9.9999880000e+18   0.00e+00  1.41e+09    1.000000e+00
   7 6.0170024819e-24  -1.22e-11  1.41e+02   -5.657830e-21

After 7 iterations the fit converged.
final sum of squares of residuals : 6.017e-24
rel. change during last iteration : -1.22101e-16

degrees of freedom    (FIT_NDF)                        : 4
rms of residuals      (FIT_STDFIT) = sqrt(WSSR/ndf)    : 1.22648e-12
variance of residuals (reduced chisquare) = WSSR/ndf   : 1.50425e-24

Final set of parameters            Asymptotic Standard Error
=======================            ==========================
M56             = -5.65783e-21     +/- 3.878e-22    (6.855%)


*******************************************************************************
Wed Oct 27 11:59:58 2021


FIT:    data read from "<(sed -n '/^-1\.0/,/^1\.0/p' StressPerm.txt)" using ($2*10**9):($4*eps_free)
        format = x:z
        #datapoints = 5
        residuals are weighted equally (unit weight)

function used for fitting: f(x)
	f(x)= eps0xy*eps_free + 2*x*M66
fitted parameters initialized with current variable values

iter      chisq       delta/lim  lambda   M66          
   0 9.9999880000e+18   0.00e+00  1.41e+09    1.000000e+00
   6 5.6667469182e-23  -1.25e-01  1.41e+03   -1.547713e-20

After 6 iterations the fit converged.
final sum of squares of residuals : 5.66675e-23
rel. change during last iteration : -1.24963e-06

degrees of freedom    (FIT_NDF)                        : 4
rms of residuals      (FIT_STDFIT) = sqrt(WSSR/ndf)    : 3.76389e-12
variance of residuals (reduced chisquare) = WSSR/ndf   : 1.41669e-23

Final set of parameters            Asymptotic Standard Error
=======================            ==========================
M66             = -1.54771e-20     +/- 1.19e-21     (7.69%)


*******************************************************************************
Wed Oct 27 11:59:58 2021


FIT:    data read from "<(sed -n '/^-1\.0/,/^1\.0/p' StressRigid.txt)" using ($2*10**9):($3/eps_free)
        format = x:z
BREAK: No data to fit