

*******************************************************************************
Thu Apr 14 12:08:12 2022


FIT:    data read from "<(sed -n '/^-1\.0/,/^1\.0/p' StressPerm.txt)" using ($2*10**9):($3*eps_free)
        format = x:z
        #datapoints = 5
        residuals are weighted equally (unit weight)

function used for fitting: f(x)
	f(x)= eps0x*eps_free + 2*x*M14
fitted parameters initialized with current variable values

iter      chisq       delta/lim  lambda   M14          
   0 9.9999840000e+18   0.00e+00  1.41e+09    1.000000e+00
   6 2.4425585603e-20  -2.90e-04  1.41e+03    2.415607e-21

After 6 iterations the fit converged.
final sum of squares of residuals : 2.44256e-20
rel. change during last iteration : -2.89905e-09

degrees of freedom    (FIT_NDF)                        : 4
rms of residuals      (FIT_STDFIT) = sqrt(WSSR/ndf)    : 7.81434e-11
variance of residuals (reduced chisquare) = WSSR/ndf   : 6.1064e-21

Final set of parameters            Asymptotic Standard Error
=======================            ==========================
M14             = 2.41561e-21      +/- 2.471e-20    (1023%)


*******************************************************************************
Thu Apr 14 12:08:12 2022


FIT:    data read from "<(sed -n '/^-1\.0/,/^1\.0/p' StressPerm.txt)" using ($2*10**9):($7*eps_free)
        format = x:z
        #datapoints = 5
        residuals are weighted equally (unit weight)

function used for fitting: f(x)
	f(x)= eps0y*eps_free + 2*x*M24
fitted parameters initialized with current variable values

iter      chisq       delta/lim  lambda   M24          
   0 9.9999840000e+18   0.00e+00  1.41e+09    1.000000e+00
   6 4.2252059353e-22  -1.68e-02  1.41e+03   -6.196155e-22

After 6 iterations the fit converged.
final sum of squares of residuals : 4.22521e-22
rel. change during last iteration : -1.67604e-07

degrees of freedom    (FIT_NDF)                        : 4
rms of residuals      (FIT_STDFIT) = sqrt(WSSR/ndf)    : 1.02777e-11
variance of residuals (reduced chisquare) = WSSR/ndf   : 1.0563e-22

Final set of parameters            Asymptotic Standard Error
=======================            ==========================
M24             = -6.19615e-22     +/- 3.25e-21     (524.5%)


*******************************************************************************
Thu Apr 14 12:08:12 2022


FIT:    data read from "<(sed -n '/^-1\.0/,/^1\.0/p' StressPerm.txt)" using ($2*10**9):($11*eps_free)
        format = x:z
        #datapoints = 5
        residuals are weighted equally (unit weight)

function used for fitting: f(x)
	f(x)= eps0z*eps_free + 2*x*M34
fitted parameters initialized with current variable values

iter      chisq       delta/lim  lambda   M34          
   0 9.9999840000e+18   0.00e+00  1.41e+09    1.000000e+00
   6 6.6430185083e-22  -1.07e-02  1.41e+03    7.653591e-22

After 6 iterations the fit converged.
final sum of squares of residuals : 6.64302e-22
rel. change during last iteration : -1.06604e-07

degrees of freedom    (FIT_NDF)                        : 4
rms of residuals      (FIT_STDFIT) = sqrt(WSSR/ndf)    : 1.2887e-11
variance of residuals (reduced chisquare) = WSSR/ndf   : 1.66075e-22

Final set of parameters            Asymptotic Standard Error
=======================            ==========================
M34             = 7.65359e-22      +/- 4.075e-21    (532.5%)


*******************************************************************************
Thu Apr 14 12:08:12 2022


FIT:    data read from "<(sed -n '/^-1\.0/,/^1\.0/p' StressPerm.txt)" using ($2*10**9):($8*eps_free)
        format = x:z
        #datapoints = 5
        residuals are weighted equally (unit weight)

function used for fitting: f(x)
	f(x)= eps0yz*eps_free + 2*x*M44
fitted parameters initialized with current variable values

iter      chisq       delta/lim  lambda   M44          
   0 9.9999840000e+18   0.00e+00  1.41e+09    1.000000e+00
   6 3.1124530241e-23  -2.28e-01  1.41e+03    1.278546e-20

After 6 iterations the fit converged.
final sum of squares of residuals : 3.11245e-23
rel. change during last iteration : -2.27535e-06

degrees of freedom    (FIT_NDF)                        : 4
rms of residuals      (FIT_STDFIT) = sqrt(WSSR/ndf)    : 2.78947e-12
variance of residuals (reduced chisquare) = WSSR/ndf   : 7.78113e-24

Final set of parameters            Asymptotic Standard Error
=======================            ==========================
M44             = 1.27855e-20      +/- 8.821e-22    (6.899%)


*******************************************************************************
Thu Apr 14 12:08:12 2022


FIT:    data read from "<(sed -n '/^-1\.0/,/^1\.0/p' StressPerm.txt)" using ($2*10**9):($5*eps_free)
        format = x:z
        #datapoints = 5
        residuals are weighted equally (unit weight)

function used for fitting: f(x)
	f(x)= eps0xz*eps_free + 2*x*M54
fitted parameters initialized with current variable values

iter      chisq       delta/lim  lambda   M54          
   0 9.9999840000e+18   0.00e+00  1.41e+09    1.000000e+00
   6 7.3256861986e-22  -9.67e-03  1.41e+03   -4.922048e-20

After 6 iterations the fit converged.
final sum of squares of residuals : 7.32569e-22
rel. change during last iteration : -9.66688e-08

degrees of freedom    (FIT_NDF)                        : 4
rms of residuals      (FIT_STDFIT) = sqrt(WSSR/ndf)    : 1.3533e-11
variance of residuals (reduced chisquare) = WSSR/ndf   : 1.83142e-22

Final set of parameters            Asymptotic Standard Error
=======================            ==========================
M54             = -4.92205e-20     +/- 4.28e-21     (8.695%)


*******************************************************************************
Thu Apr 14 12:08:12 2022


FIT:    data read from "<(sed -n '/^-1\.0/,/^1\.0/p' StressPerm.txt)" using ($2*10**9):($4*eps_free)
        format = x:z
        #datapoints = 5
        residuals are weighted equally (unit weight)

function used for fitting: f(x)
	f(x)= eps0xy*eps_free + 2*x*M64
fitted parameters initialized with current variable values

iter      chisq       delta/lim  lambda   M64          
   0 9.9999840000e+18   0.00e+00  1.41e+09    1.000000e+00
   6 5.6438961535e-21  -1.25e-03  1.41e+03    1.328128e-21

After 6 iterations the fit converged.
final sum of squares of residuals : 5.6439e-21
rel. change during last iteration : -1.25478e-08

degrees of freedom    (FIT_NDF)                        : 4
rms of residuals      (FIT_STDFIT) = sqrt(WSSR/ndf)    : 3.75629e-11
variance of residuals (reduced chisquare) = WSSR/ndf   : 1.41097e-21

Final set of parameters            Asymptotic Standard Error
=======================            ==========================
M64             = 1.32813e-21      +/- 1.188e-20    (894.4%)


*******************************************************************************
Thu Apr 14 12:08:12 2022


FIT:    data read from "<(sed -n '/^-1\.0/,/^1\.0/p' StressRigid.txt)" using ($2*10**9):($3/eps_free)
        format = x:z
        #datapoints = 5
        residuals are weighted equally (unit weight)

function used for fitting: f(x)
	f(x)= eta0x/eps_free + 2*x*Q14
fitted parameters initialized with current variable values

iter      chisq       delta/lim  lambda   Q14          
   0 1.0455477847e+19   0.00e+00  1.41e+09    1.000000e+00
   3 2.2056830276e+17  -5.14e-01  1.41e+06   -1.167810e-02

After 3 iterations the fit converged.
final sum of squares of residuals : 2.20568e+17
rel. change during last iteration : -5.13527e-06

degrees of freedom    (FIT_NDF)                        : 4
rms of residuals      (FIT_STDFIT) = sqrt(WSSR/ndf)    : 2.34823e+08
variance of residuals (reduced chisquare) = WSSR/ndf   : 5.51421e+16

Final set of parameters            Asymptotic Standard Error
=======================            ==========================
Q14             = -0.0116781       +/- 0.07426      (635.9%)


*******************************************************************************
Thu Apr 14 12:08:12 2022


FIT:    data read from "<(sed -n '/^-1\.0/,/^1\.0/p' StressRigid.txt)" using ($2*10**9):($7/eps_free)
        format = x:z
        #datapoints = 5
        residuals are weighted equally (unit weight)

function used for fitting: f(x)
	f(x)= eta0y/eps_free + 2*x*Q24
fitted parameters initialized with current variable values

iter      chisq       delta/lim  lambda   Q24          
   0 1.0736929543e+19   0.00e+00  1.41e+09    1.000000e+00
   3 7.9220959008e+17  -1.39e-01  1.41e+06    2.767042e-03

After 3 iterations the fit converged.
final sum of squares of residuals : 7.9221e+17
rel. change during last iteration : -1.38923e-06

degrees of freedom    (FIT_NDF)                        : 4
rms of residuals      (FIT_STDFIT) = sqrt(WSSR/ndf)    : 4.45031e+08
variance of residuals (reduced chisquare) = WSSR/ndf   : 1.98052e+17

Final set of parameters            Asymptotic Standard Error
=======================            ==========================
Q24             = 0.00276704       +/- 0.1407       (5086%)


*******************************************************************************
Thu Apr 14 12:08:12 2022


FIT:    data read from "<(sed -n '/^-1\.0/,/^1\.0/p' StressRigid.txt)" using ($2*10**9):($11/eps_free)
        format = x:z
        #datapoints = 5
        residuals are weighted equally (unit weight)

function used for fitting: f(x)
	f(x)= eta0z/eps_free + 2*x*Q34
fitted parameters initialized with current variable values

iter      chisq       delta/lim  lambda   Q34          
   0 1.0112690928e+19   0.00e+00  1.41e+09    1.000000e+00
   4 9.2140717848e+16  -4.86e-10  1.41e+05   -1.027784e-03

After 4 iterations the fit converged.
final sum of squares of residuals : 9.21407e+16
rel. change during last iteration : -4.86213e-15

degrees of freedom    (FIT_NDF)                        : 4
rms of residuals      (FIT_STDFIT) = sqrt(WSSR/ndf)    : 1.51773e+08
variance of residuals (reduced chisquare) = WSSR/ndf   : 2.30352e+16

Final set of parameters            Asymptotic Standard Error
=======================            ==========================
Q34             = -0.00102778      +/- 0.048        (4670%)


*******************************************************************************
Thu Apr 14 12:08:12 2022


FIT:    data read from "<(sed -n '/^-1\.0/,/^1\.0/p' StressRigid.txt)" using ($2*10**9):($8/eps_free)
        format = x:z
        #datapoints = 5
        residuals are weighted equally (unit weight)

function used for fitting: f(x)
	f(x)= eta0yz/eps_free + 2*x*Q44
fitted parameters initialized with current variable values

iter      chisq       delta/lim  lambda   Q44          
   0 1.2744268201e+19   0.00e+00  1.41e+09    1.000000e+00
   4 6.5213442619e+15  -8.62e-09  1.41e+05   -1.286172e-01

After 4 iterations the fit converged.
final sum of squares of residuals : 6.52134e+15
rel. change during last iteration : -8.61786e-14

degrees of freedom    (FIT_NDF)                        : 4
rms of residuals      (FIT_STDFIT) = sqrt(WSSR/ndf)    : 4.03774e+07
variance of residuals (reduced chisquare) = WSSR/ndf   : 1.63034e+15

Final set of parameters            Asymptotic Standard Error
=======================            ==========================
Q44             = -0.128617        +/- 0.01277      (9.928%)


*******************************************************************************
Thu Apr 14 12:08:12 2022


FIT:    data read from "<(sed -n '/^-1\.0/,/^1\.0/p' StressRigid.txt)" using ($2*10**9):($5/eps_free)
        format = x:z
        #datapoints = 5
        residuals are weighted equally (unit weight)

function used for fitting: f(x)
	f(x)= eta0xz/eps_free + 2*x*Q54
fitted parameters initialized with current variable values

iter      chisq       delta/lim  lambda   Q54          
   0 3.7625470343e+18   0.00e+00  1.41e+09    1.000000e+00
   3 1.1281810214e+17  -3.58e-01  1.41e+06    3.958697e-01

After 3 iterations the fit converged.
final sum of squares of residuals : 1.12818e+17
rel. change during last iteration : -3.58017e-06

degrees of freedom    (FIT_NDF)                        : 4
rms of residuals      (FIT_STDFIT) = sqrt(WSSR/ndf)    : 1.67942e+08
variance of residuals (reduced chisquare) = WSSR/ndf   : 2.82045e+16

Final set of parameters            Asymptotic Standard Error
=======================            ==========================
Q54             = 0.39587          +/- 0.05311      (13.42%)


*******************************************************************************
Thu Apr 14 12:08:12 2022


FIT:    data read from "<(sed -n '/^-1\.0/,/^1\.0/p' StressRigid.txt)" using ($2*10**9):($4/eps_free)
        format = x:z
        #datapoints = 5
        residuals are weighted equally (unit weight)

function used for fitting: f(x)
	f(x)= eta0xy/eps_free + 2*x*Q64
fitted parameters initialized with current variable values

iter      chisq       delta/lim  lambda   Q64          
   0 1.1371314686e+19   0.00e+00  1.41e+09    1.000000e+00
   3 1.0149316398e+18  -1.13e-01  1.41e+06   -1.766397e-02

After 3 iterations the fit converged.
final sum of squares of residuals : 1.01493e+18
rel. change during last iteration : -1.12926e-06

degrees of freedom    (FIT_NDF)                        : 4
rms of residuals      (FIT_STDFIT) = sqrt(WSSR/ndf)    : 5.03719e+08
variance of residuals (reduced chisquare) = WSSR/ndf   : 2.53733e+17

Final set of parameters            Asymptotic Standard Error
=======================            ==========================
Q64             = -0.017664        +/- 0.1593       (901.8%)
