../abi.in
../anaddb.out
natom=26
rprim
 13.312836   0.000000   0.000000
  0.000000  13.575229   0.685564
  0.000000   0.712586  13.567246
xred
The sums of Z*ijk over each direction give:
  -0.00000    0.00000    0.00000
  -0.00000   -0.00000    0.00000
  -0.00000   -0.00000    0.00000
Before function
       La0   0.852900   0.852900   0.852900
       La0   0.869791   0.871965   0.818988
  1   1     4.9041     0.1699     0.0324
  1   2    -0.1332     4.5273    -0.0399
  1   3     0.7466     0.4965     4.8663
  2   1     4.9041    -0.1699    -0.0324
  2   2     0.1332     4.5273    -0.0399
  2   3    -0.7466     0.4965     4.8663
  3   1     5.0525     0.3644     0.2376
  3   2    -0.3566     4.5327     0.0482
  3   3    -0.2520    -0.2660     4.8042
  4   1     5.0525    -0.3644    -0.2376
  4   2     0.3566     4.5327     0.0482
  4   3     0.2520    -0.2660     4.8042
  5   1     5.9604     1.1507     0.3157
  5   2     0.8499     6.2541     0.9598
  5   3     0.5342     1.2763     4.5491
  6   1     5.9604    -1.1507    -0.3157
  6   2    -0.8499     6.2541     0.9598
  6   3    -0.5342     1.2763     4.5491
  7   1     5.7390     1.1301     0.6356
  7   2     0.8719     5.3120    -0.2671
  7   3    -0.3601    -0.7782     3.8570
  8   1     5.7390    -1.1301    -0.6356
  8   2    -0.8719     5.3120    -0.2671
  8   3     0.3601    -0.7782     3.8570
  9   1    -2.9723    -1.0159    -0.2092
  9   2    -0.7318    -3.5334    -0.3830
  9   3    -0.5668    -0.5884    -2.0496
 10   1    -2.9723     1.0159     0.2092
 10   2     0.7318    -3.5334    -0.3830
 10   3     0.5668    -0.5884    -2.0496
 11   1    -2.4945    -0.3998    -0.6038
 11   2    -0.2301    -1.1401     0.5896
 11   3    -0.5885     0.5068    -2.8109
 12   1    -2.4945     0.3998     0.6038
 12   2     0.2301    -1.1401     0.5896
 12   3     0.5885     0.5068    -2.8109
 13   1    -3.1191     0.5260     0.7734
 13   2     0.3357    -1.7379    -0.9437
 13   3     1.0479    -1.0478    -2.3266
 14   1    -3.1191    -0.5260    -0.7734
 14   2    -0.3357    -1.7379    -0.9437
 14   3    -1.0479    -1.0478    -2.3266
 15   1    -3.4385     0.9930    -0.0886
 15   2     0.9275    -1.7568     0.3433
 15   3     0.3830     0.5121    -1.0336
 16   1    -3.4385    -0.9930     0.0886
 16   2    -0.9275    -1.7568     0.3433
 16   3    -0.3830     0.5121    -1.0336
 17   1    -2.8498     0.6007    -0.5546
 17   2     0.9719    -2.8080    -0.1212
 17   3    -0.7793    -0.1118    -1.0965
 18   1    -2.4949     1.2531     0.0837
 18   2     1.3979    -2.9196     0.4104
 18   3     0.0848     0.3922    -1.1893
 19   1    -2.8498    -0.6007     0.5546
 19   2    -0.9719    -2.8080    -0.1212
 19   3     0.7793    -0.1118    -1.0965
 20   1    -2.4949    -1.2531    -0.0837
 20   2    -1.3979    -2.9196     0.4104
 20   3    -0.0848     0.3922    -1.1893
 21   1    -0.7275    -0.2224    -0.2008
 21   2    -0.2558    -1.2116     0.9651
 21   3    -0.0883     0.7824    -3.3735
 22   1    -0.9316     0.3314     0.0782
 22   2     0.2557    -2.1380    -1.0171
 22   3     0.3335    -0.9082    -2.5425
 23   1    -0.9316    -0.3314    -0.0782
 23   2    -0.2557    -2.1380    -1.0171
 23   3    -0.3335    -0.9082    -2.5425
 24   1    -0.7275     0.2224     0.2008
 24   2     0.2558    -1.2116     0.9651
 24   3     0.0883     0.7824    -3.3735
 25   1    -2.6278    -2.0127    -0.3848
 25   2    -1.7264    -3.3809    -0.5446
 25   3    -0.0767    -0.2657    -1.6542
 26   1    -2.6278     2.0127     0.3848
 26   2     1.7264    -3.3809    -0.5446
 26   3     0.0767    -0.2657    -1.6542
Just before end of funct
La0After function
       La0   0.852900   0.852900   0.852900

Effective Charges
 -   1    0.07119   -0.00000   -0.00000    0.07119
 -   2   -0.00000   -0.03739   -0.00908    0.03848
 ;   3   -0.00000   -0.00607   -0.00203    0.00640
 ;   4   -0.00000    3.84651    1.01098    3.97715
 ;   5    2.61695   -0.00000    0.00000    2.61695
 ;   6   -0.00000   -0.58386    0.43225    0.72645
 ;   7    0.45642    0.00000   -0.00000    0.45642
 ;   8   -1.24494   -0.00000    0.00000    1.24494
 ;   9    0.00000   -2.50127   -1.08498    2.72645
 ;  10   -0.97082    0.00000    0.00000    0.97082
 ;  11   -1.33868    0.00000    0.00000    1.33868
 ;  12    0.00000   -0.76370    1.46534    1.65241
 ;  13    0.00000   -2.50054   -0.71912    2.60189
 ;  14    2.21205   -0.00000   -0.00000    2.21205
 ;  15    0.00000    1.25358    0.52424    1.35878
 ;  16   -0.39253   -0.00000   -0.00000    0.39253
 ;  17    0.00000   -2.10391   -2.22677    3.06348
 ;  18   -0.00000    1.53072    5.76211    5.96196
 ;  19    4.48130    0.00000   -0.00000    4.48130
 ;  20    4.30835    0.00000    0.00000    4.30835
 ;  21    0.00000   -2.86944    1.06642    3.06120
 ;  22    2.94386    0.00000    0.00000    2.94386
 ;  23    0.17925    0.00000    0.00000    0.17925
 ;  24   -0.00000    1.50449    2.56642    2.97490
 ;  25    0.00000    1.16637   -0.20445    1.18415
 ;  26    0.73551   -0.00000   -0.00000    0.73551
 ;  27   -1.22026   -0.00000    0.00000    1.22026
 ;  28   -0.00000   -0.15721   -1.58325    1.59103
 ;  29   -0.00000    1.80392    0.15194    1.81031
 ;  30    0.11404    0.00000   -0.00000    0.11404
 ;  31   -0.00000    0.18767   -0.64655    0.67323
 ;  32   -0.84898    0.00000    0.00000    0.84898
 ;  33    0.00000    2.75213    0.00954    2.75215
 ;  34    0.74892    0.00000    0.00000    0.74892
 ;  35   -1.33353    0.00000   -0.00000    1.33353
 ;  36   -0.00000   -0.80615    0.52923    0.96435
 ;  37   -3.00748   -0.00000   -0.00000    3.00748
 ;  38   -0.00000    2.74758    0.62759    2.81834
 ;  39    0.33201    0.00000    0.00000    0.33201
 ;  40   -0.48098   -0.00000    0.00000    0.48098
 ;  41    0.00000    4.25069   -0.48395    4.27815
 ;  42   -1.02675    0.00000   -0.00000    1.02675
 ;  43    3.53655   -0.00000   -0.00000    3.53655
 ;  44   -0.00000   -2.77583    1.53239    3.17072
 ;  45    0.00000    1.23287    1.15677    1.69058
 ;  46    2.30839   -0.00000   -0.00000    2.30839
 ;  47   -0.00000   -4.15620   -1.11326    4.30272
 ;  48   -0.00000    2.48367   -1.44596    2.87392
 ;  49    1.49256    0.00000   -0.00000    1.49256
 ;  50   -0.00000   -0.15633    0.63483    0.65380
 ;  51    0.00000    0.08523    3.28294    3.28405
 ;  52    3.65301    0.00000   -0.00000    3.65301
 ;  53   -0.02962   -0.00000    0.00000    0.02962
 ;  54    0.00000   -1.19268   -1.37464    1.81992
 ;  55   -3.23511    0.00000    0.00000    3.23511
 ;  56   -0.00000   -1.25269   -1.86126    2.24355
 ;  57   -0.10687   -0.00000   -0.00000    0.10687
 ;  58   -0.00000    2.14999    0.42871    2.19232
 ;  59    3.50862   -0.00000    0.00000    3.50862
 ;  60   -0.00000    0.68656    1.19271    1.37620
 ;  61    0.40301   -0.00000    0.00000    0.40301
 ;  62   -0.00000   -3.99733   -0.19116    4.00190
 ;  63   -4.44981    0.00000    0.00000    4.44981
 ;  64   -0.00000   -5.14971   -2.89148    5.90594
 -  65    4.81537   -0.00000   -0.00000    4.81537
 -  66    0.00000    2.04478    0.12051    2.04833
 ;  67   -0.00000   -2.45816    3.23300    4.06138
 ;  68   -0.94135    0.00000   -0.00000    0.94135
 ;  69   -3.21965   -0.00000    0.00000    3.21965
 ;  70   -0.00000    2.52840   -5.68328    6.22033
 ;  71   -5.36910    0.00000    0.00000    5.36910
 ;  72    0.00000    2.17817    1.69158    2.75788
 ;  73   -2.68083    0.00000    0.00000    2.68083
 ;  74    0.00000   -3.93809   -2.08880    4.45776
 ;  75   -0.85987   -0.00000    0.00000    0.85987
 ;  76   -0.00000    1.29076   -3.88976    4.09833
 ;  77    0.00000    1.14578    2.30192    2.57131
 ;  78    1.21628   -0.00000   -0.00000    1.21628
Condsed Mode 1
    at         dx         dy         dz	       dPx        dPy        dPz        |P|
   La0       0.31       0.56       0.23	  0.002200   0.003654   0.001480   0.004515
   La1      -0.31       0.56       0.23	 -0.002200   0.003654   0.001480   0.004515
   La2      -0.04      -0.05      -0.21	 -0.000172  -0.000254  -0.001354   0.001389
   La3       0.04      -0.05      -0.21	  0.000172  -0.000254  -0.001354   0.001389
   Mo4       0.17      -0.17      -0.07	  0.001096  -0.001318  -0.000585   0.001811
   Mo5      -0.17      -0.17      -0.07	 -0.001096  -0.001318  -0.000585   0.001811
   Mo6      -0.03      -0.16       0.10	 -0.000459  -0.001278   0.000559   0.001469
   Mo7       0.03      -0.16       0.10	  0.000459  -0.001278   0.000559   0.001469
    O8      -0.05      -0.01      -0.63	  0.000672   0.000594   0.001767   0.001982
    O9       0.05      -0.01      -0.63	 -0.000672   0.000594   0.001767   0.001982
   O10       0.24      -0.02      -0.08	 -0.000732  -0.000149   0.000082   0.000751
   O11      -0.24      -0.02      -0.08	  0.000732  -0.000149   0.000082   0.000751
   O12       0.03      -0.28      -0.32	 -0.000699   0.001123   0.001379   0.001911
   O13      -0.03      -0.28      -0.32	  0.000699   0.001123   0.001379   0.001911
   O14      -0.10      -0.41       0.75	  0.000356   0.001340  -0.001220   0.001847
   O15       0.10      -0.41       0.75	 -0.000356   0.001340  -0.001220   0.001847
   O16       0.37      -0.00       0.11	 -0.001517   0.000281  -0.000433   0.001602
   O17       0.23      -0.16      -0.38	 -0.001125   0.000817   0.000545   0.001493
   O18      -0.37      -0.00       0.11	  0.001517   0.000281  -0.000433   0.001602
   O19      -0.23      -0.16      -0.38	  0.001125   0.000817   0.000545   0.001493
   O20      -0.42      -1.00      -0.45	  0.000813   0.001284   0.000856   0.001744
   O21      -0.37      -0.20       0.09	  0.000436   0.000290  -0.000089   0.000532
   O22       0.37      -0.20       0.09	 -0.000436   0.000290  -0.000089   0.000532
   O23       0.42      -1.00      -0.45	 -0.000813   0.001284   0.000856   0.001744
   O24       0.52      -0.75       0.50	 -0.000159   0.001816  -0.000831   0.002003
   O25      -0.52      -0.75       0.50	  0.000159   0.001816  -0.000831   0.002003
 Total                                 	  0.000000   0.016399   0.004310           
Oscillator strength:
  0.000000   0.000000   0.000000
  0.000000   0.000269   0.000071
  0.000000   0.000071   0.000019
Here are the polarisation contributions to y sorted by magnitude
